
> dnd-web-app@0.0.1 build
> astro build

10:29:09 [content] Syncing content
10:29:09 [WARN] [glob-loader] No files found matching "**/*.{md,mdx}" in directory "src/content/lore"
10:29:09 [content] Synced content
10:29:09 [types] Generated 2.94s
10:29:09 [build] output: "static"
10:29:09 [build] mode: "static"
10:29:09 [build] directory: /mnt/c/Users/javie/Documents/YotuxerDEV/DnD_Web/dist/
10:29:09 [build] Collecting build info...
10:29:09 [build] ✓ Completed in 3.42s.
10:29:09 [build] Building static entrypoints...
10:29:14 [vite] ✓ built in 4.33s
10:29:14 [build] ✓ Completed in 5.39s.

 building client (vite) 
10:29:14 [vite] transforming...
10:29:16 [vite] ✓ 80 modules transformed.
10:29:16 [vite] rendering chunks...
10:29:16 [vite] computing gzip size...
10:29:16 [vite] dist/_astro/CampaignHub.CufFr3ZW.js          1.78 kB │ gzip:  0.83 kB
10:29:16 [vite] dist/_astro/HomeCampaignsList.Bg8Lpv55.js    1.89 kB │ gzip:  0.89 kB
10:29:16 [vite] dist/_astro/CampaignsManager.BWtaORtS.js     5.84 kB │ gzip:  2.02 kB
10:29:16 [vite] dist/_astro/index.DK-fsZOb.js                6.81 kB │ gzip:  2.73 kB
10:29:16 [vite] dist/_astro/LoreManager.BDSRjYky.js          8.42 kB │ gzip:  2.63 kB
10:29:16 [vite] dist/_astro/PersonajesManager.CWbWTX9u.js   14.62 kB │ gzip:  4.84 kB
10:29:16 [vite] dist/_astro/races.DR9fsCcD.js               16.57 kB │ gzip:  4.31 kB
10:29:16 [vite] dist/_astro/PersonajeHojaPage.B4fvtfIl.js   50.20 kB │ gzip: 11.84 kB
10:29:16 [vite] dist/_astro/client.Bz692-Ao.js             136.51 kB │ gzip: 44.01 kB
10:29:16 [vite] dist/_astro/supabase.TIy9Cg3G.js           205.84 kB │ gzip: 53.97 kB
10:29:16 [vite] ✓ built in 2.19s

 generating static routes 
10:29:17 ▶ src/pages/campana/index.astro
10:29:17   └─ /campana/index.html (+39ms) 
10:29:17 ▶ src/pages/campanas/index.astro
10:29:17   └─ /campanas/index.html (+8ms) 
10:29:17 ▶ src/pages/lore/[slug].astro
10:29:17 ▶ src/pages/lore/index.astro
10:29:17   └─ /lore/index.html (+10ms) 
10:29:17 ▶ src/pages/personajes/hoja.astro
10:29:17   └─ /personajes/hoja/index.html (+19ms) 
10:29:17 ▶ src/pages/personajes/index.astro
10:29:17   └─ /personajes/index.html (+11ms) 
10:29:17 ▶ src/pages/index.astro
10:29:17   └─ /index.html (+7ms) 
10:29:17 ✓ Completed in 1.47s.

10:29:18 [build] 6 page(s) built in 12.81s
10:29:18 [build] Complete!
