
> dnd-web-app@0.0.1 build
> astro build

10:28:45 [content] Syncing content
10:28:45 [WARN] [glob-loader] No files found matching "**/*.{md,mdx}" in directory "src/content/lore"
10:28:45 [content] Synced content
10:28:45 [types] Generated 3.03s
10:28:45 [build] output: "static"
10:28:45 [build] mode: "static"
10:28:45 [build] directory: /mnt/c/Users/javie/Documents/YotuxerDEV/DnD_Web/dist/
10:28:45 [build] Collecting build info...
10:28:45 [build] ✓ Completed in 3.60s.
10:28:45 [build] Building static entrypoints...
10:28:49 [vite] ✓ built in 3.76s
10:28:49 [build] ✓ Completed in 3.82s.

 building client (vite) 
10:28:49 [vite] transforming...
10:28:50 [vite] ✓ 80 modules transformed.
10:28:50 [vite] rendering chunks...
10:28:51 [vite] computing gzip size...
10:28:51 [vite] dist/_astro/CampaignHub.CufFr3ZW.js          1.78 kB │ gzip:  0.83 kB
10:28:51 [vite] dist/_astro/HomeCampaignsList.Bg8Lpv55.js    1.89 kB │ gzip:  0.89 kB
10:28:51 [vite] dist/_astro/CampaignsManager.BWtaORtS.js     5.84 kB │ gzip:  2.02 kB
10:28:51 [vite] dist/_astro/index.DK-fsZOb.js                6.81 kB │ gzip:  2.73 kB
10:28:51 [vite] dist/_astro/LoreManager.BDSRjYky.js          8.42 kB │ gzip:  2.63 kB
10:28:51 [vite] dist/_astro/PersonajesManager.CWbWTX9u.js   14.62 kB │ gzip:  4.84 kB
10:28:51 [vite] dist/_astro/races.DR9fsCcD.js               16.57 kB │ gzip:  4.31 kB
10:28:51 [vite] dist/_astro/PersonajeHojaPage.B4fvtfIl.js   50.20 kB │ gzip: 11.84 kB
10:28:51 [vite] dist/_astro/client.Bz692-Ao.js             136.51 kB │ gzip: 44.01 kB
10:28:51 [vite] dist/_astro/supabase.TIy9Cg3G.js           205.84 kB │ gzip: 53.97 kB
10:28:51 [vite] ✓ built in 1.63s

 generating static routes 
10:28:52 ▶ src/pages/campana/index.astro
10:28:52   └─ /campana/index.htmlThe collection "lore" does not exist or is empty. Please check your content config file for errors.
 (+19ms) 
10:28:52 ▶ src/pages/campanas/index.astro
10:28:52   └─ /campanas/index.htmlThe collection "lore" does not exist or is empty. Please check your content config file for errors.
 (+7ms) 
10:28:52 ▶ src/pages/lore/[slug].astro
The collection "lore" does not exist or is empty. Please check your content config file for errors.
10:28:52 ▶ src/pages/lore/index.astro
10:28:52   └─ /lore/index.htmlThe collection "lore" does not exist or is empty. Please check your content config file for errors.
 (+8ms) 
10:28:52 ▶ src/pages/personajes/hoja.astro
10:28:52   └─ /personajes/hoja/index.htmlThe collection "lore" does not exist or is empty. Please check your content config file for errors.
 (+14ms) 
10:28:52 ▶ src/pages/personajes/index.astro
10:28:52   └─ /personajes/index.htmlThe collection "lore" does not exist or is empty. Please check your content config file for errors.
 (+7ms) 
10:28:52 ▶ src/pages/index.astro
10:28:52   └─ /index.htmlThe collection "lore" does not exist or is empty. Please check your content config file for errors.
 (+6ms) 
10:28:52 ✓ Completed in 1.45s.

10:28:52 [build] 6 page(s) built in 10.68s
10:28:52 [build] Complete!
